0 info it worked if it ends with ok
1 verbose cli [ 'node', '/usr/local/bin/npm', 'publish' ]
2 info using npm@2.11.3
3 info using node@v0.12.7
4 verbose publish [ '.' ]
5 silly cache add args [ '.', null ]
6 verbose cache add spec .
7 silly cache add parsed spec { raw: '.',
7 silly cache add   scope: null,
7 silly cache add   name: null,
7 silly cache add   rawSpec: '.',
7 silly cache add   spec: '/Users/dylanhassinger/Dropbox (Personal)/100_projects/099_rev/402_mixpanel-export-profiles/node_modules/mixpanel-export-profiles',
7 silly cache add   type: 'directory' }
8 verbose addLocalDirectory /Users/dylanhassinger/.npm/mixpanel-export-profiles/1.0.0/package.tgz not in flight; packing
9 verbose tar pack [ '/Users/dylanhassinger/.npm/mixpanel-export-profiles/1.0.0/package.tgz',
9 verbose tar pack   '/Users/dylanhassinger/Dropbox (Personal)/100_projects/099_rev/402_mixpanel-export-profiles/node_modules/mixpanel-export-profiles' ]
10 verbose tarball /Users/dylanhassinger/.npm/mixpanel-export-profiles/1.0.0/package.tgz
11 verbose folder /Users/dylanhassinger/Dropbox (Personal)/100_projects/099_rev/402_mixpanel-export-profiles/node_modules/mixpanel-export-profiles
12 info prepublish mixpanel-export-profiles@1.0.0
13 verbose addLocalTarball adding from inside cache /Users/dylanhassinger/.npm/mixpanel-export-profiles/1.0.0/package.tgz
14 silly cache afterAdd mixpanel-export-profiles@1.0.0
15 verbose afterAdd /Users/dylanhassinger/.npm/mixpanel-export-profiles/1.0.0/package/package.json not in flight; writing
16 verbose afterAdd /Users/dylanhassinger/.npm/mixpanel-export-profiles/1.0.0/package/package.json written
17 silly publish { name: 'mixpanel-export-profiles',
17 silly publish   version: '1.0.0',
17 silly publish   description: 'Export Mixpanel profiles filtered by parameter',
17 silly publish   main: 'index.js',
17 silly publish   scripts: { test: 'echo "Error: no test specified" && exit 1' },
17 silly publish   author:
17 silly publish    { name: 'Dylan Hassinger',
17 silly publish      email: 'd@dylanized.com',
17 silly publish      url: 'http://dylanized.com' },
17 silly publish   license: 'MIT',
17 silly publish   dependencies: { mixpanelist: '^1.1.2' },
17 silly publish   readme: '# mixpanel-export-profiles\n\nExports Mixpanel profiles filtered by 1 parameter\n\nUsage:\n\n```\n\nvar MixpanelProfiles = require(\'mixpanel-export-profiles\');\n\nvar config = {\n\t"key": "xxx",\n\t"secret": "xxx"\n};\n\nvar profiles = new MixpanelProfiles(config);\n\nprofiles.get("$email", "d@dylanized.com", function(result) {\n\n\tif (typeof result == "object" && result.length > 0) {\n\t\t\n\t\t// do stuff\t\n\t\tconsole.log(result);\n\t\t\n\t} else console.log(result);\n\n});\n\n\n\n```\n',
17 silly publish   readmeFilename: 'README.md',
17 silly publish   gitHead: 'b1bd9c1172096fec3f7193e1cf61e7e0626b757a',
17 silly publish   _id: 'mixpanel-export-profiles@1.0.0',
17 silly publish   _shasum: '91a7d98d491e14435803b5fee99292569bfd0b20',
17 silly publish   _from: '.' }
18 verbose getPublishConfig undefined
19 silly mapToRegistry name mixpanel-export-profiles
20 silly mapToRegistry using default registry
21 silly mapToRegistry registry https://registry.npmjs.org/
22 silly mapToRegistry uri https://registry.npmjs.org/mixpanel-export-profiles
23 verbose publish registryBase https://registry.npmjs.org/
24 silly publish uploading /Users/dylanhassinger/.npm/mixpanel-export-profiles/1.0.0/package.tgz
25 verbose request uri https://registry.npmjs.org/mixpanel-export-profiles
26 verbose request sending authorization for write operation
27 info attempt registry request try #1 at 12:15:10 PM
28 verbose request using bearer token for auth
29 verbose request id 558f941090659e87
30 http request PUT https://registry.npmjs.org/mixpanel-export-profiles
31 http 403 https://registry.npmjs.org/mixpanel-export-profiles
32 verbose headers { 'content-type': 'application/json',
32 verbose headers   'cache-control': 'max-age=60',
32 verbose headers   'content-length': '95',
32 verbose headers   'accept-ranges': 'bytes',
32 verbose headers   date: 'Mon, 26 Oct 2015 17:15:01 GMT',
32 verbose headers   via: '1.1 varnish',
32 verbose headers   connection: 'keep-alive',
32 verbose headers   'x-served-by': 'cache-dfw1828-DFW',
32 verbose headers   'x-cache': 'MISS',
32 verbose headers   'x-cache-hits': '0',
32 verbose headers   'x-timer': 'S1445879700.987256,VS0,VE719' }
33 verbose request invalidating /Users/dylanhassinger/.npm/registry.npmjs.org/mixpanel-export-profiles on PUT
34 error publish Failed PUT 403
35 verbose stack Error: "You cannot publish over the previously published version 1.0.0." : mixpanel-export-profiles
35 verbose stack     at CachingRegistryClient.<anonymous> (/usr/local/lib/node_modules/npm/node_modules/npm-registry-client/lib/request.js:247:14)
35 verbose stack     at Request._callback (/usr/local/lib/node_modules/npm/node_modules/npm-registry-client/lib/request.js:170:14)
35 verbose stack     at Request.self.callback (/usr/local/lib/node_modules/npm/node_modules/request/request.js:354:22)
35 verbose stack     at Request.emit (events.js:110:17)
35 verbose stack     at Request.<anonymous> (/usr/local/lib/node_modules/npm/node_modules/request/request.js:1207:14)
35 verbose stack     at Request.emit (events.js:129:20)
35 verbose stack     at IncomingMessage.<anonymous> (/usr/local/lib/node_modules/npm/node_modules/request/request.js:1153:12)
35 verbose stack     at IncomingMessage.emit (events.js:129:20)
35 verbose stack     at _stream_readable.js:908:16
35 verbose stack     at process._tickCallback (node.js:355:11)
36 verbose statusCode 403
37 verbose pkgid mixpanel-export-profiles
38 verbose cwd /Users/dylanhassinger/Dropbox (Personal)/100_projects/099_rev/402_mixpanel-export-profiles/node_modules/mixpanel-export-profiles
39 error Darwin 14.5.0
40 error argv "node" "/usr/local/bin/npm" "publish"
41 error node v0.12.7
42 error npm  v2.11.3
43 error code E403
44 error "You cannot publish over the previously published version 1.0.0." : mixpanel-export-profiles
45 error If you need help, you may report this error at:
45 error     <https://github.com/npm/npm/issues>
46 verbose exit [ 1, true ]
